ERROR - 2025-09-01 15:42:33 --> Error connecting to the database: mysqli_sql_exception: No connection could be made because the target machine actively refused it in C:\xampp\htdocs\WEBSYSTEM-Group4\system\Database\MySQLi\Connection.php:201
Stack trace:
#0 C:\xampp\htdocs\WEBSYSTEM-Group4\system\Database\MySQLi\Connection.php(201): mysqli->real_connect('localhost', 'tally', Object(SensitiveParameterValue), 'warehouse_group...', 3306, '', 0)
#1 C:\xampp\htdocs\WEBSYSTEM-Group4\system\Database\BaseConnection.php(419): CodeIgniter\Database\MySQLi\Connection->connect(false)
#2 C:\xampp\htdocs\WEBSYSTEM-Group4\system\Database\Database.php(72): CodeIgniter\Database\BaseConnection->initialize()
#3 C:\xampp\htdocs\WEBSYSTEM-Group4\system\Database\Config.php(109): CodeIgniter\Database\Database->loadForge(Object(CodeIgniter\Database\MySQLi\Connection))
#4 C:\xampp\htdocs\WEBSYSTEM-Group4\system\Database\Seeder.php(98): CodeIgniter\Database\Config::forge(NULL)
#5 C:\xampp\htdocs\WEBSYSTEM-Group4\system\Commands\Database\Seed.php(71): CodeIgniter\Database\Seeder->__construct(Object(Config\Database))
#6 C:\xampp\htdocs\WEBSYSTEM-Group4\system\CLI\Commands.php(74): CodeIgniter\Commands\Database\Seed->run(Array)
#7 C:\xampp\htdocs\WEBSYSTEM-Group4\system\CLI\Console.php(47): CodeIgniter\CLI\Commands->run('db:seed', Array)
#8 C:\xampp\htdocs\WEBSYSTEM-Group4\system\Boot.php(388): CodeIgniter\CLI\Console->run()
#9 C:\xampp\htdocs\WEBSYSTEM-Group4\system\Boot.php(133): CodeIgniter\Boot::runCommand(Object(CodeIgniter\CLI\Console))
#10 C:\xampp\htdocs\WEBSYSTEM-Group4\spark(87): CodeIgniter\Boot::bootSpark(Object(Config\Paths))
#11 {main}

Next CodeIgniter\Database\Exceptions\DatabaseException: No connection could be made because the target machine actively refused it in C:\xampp\htdocs\WEBSYSTEM-Group4\system\Database\MySQLi\Connection.php:246
Stack trace:
#0 C:\xampp\htdocs\WEBSYSTEM-Group4\system\Database\BaseConnection.php(419): CodeIgniter\Database\MySQLi\Connection->connect(false)
#1 C:\xampp\htdocs\WEBSYSTEM-Group4\system\Database\Database.php(72): CodeIgniter\Database\BaseConnection->initialize()
#2 C:\xampp\htdocs\WEBSYSTEM-Group4\system\Database\Config.php(109): CodeIgniter\Database\Database->loadForge(Object(CodeIgniter\Database\MySQLi\Connection))
#3 C:\xampp\htdocs\WEBSYSTEM-Group4\system\Database\Seeder.php(98): CodeIgniter\Database\Config::forge(NULL)
#4 C:\xampp\htdocs\WEBSYSTEM-Group4\system\Commands\Database\Seed.php(71): CodeIgniter\Database\Seeder->__construct(Object(Config\Database))
#5 C:\xampp\htdocs\WEBSYSTEM-Group4\system\CLI\Commands.php(74): CodeIgniter\Commands\Database\Seed->run(Array)
#6 C:\xampp\htdocs\WEBSYSTEM-Group4\system\CLI\Console.php(47): CodeIgniter\CLI\Commands->run('db:seed', Array)
#7 C:\xampp\htdocs\WEBSYSTEM-Group4\system\Boot.php(388): CodeIgniter\CLI\Console->run()
#8 C:\xampp\htdocs\WEBSYSTEM-Group4\system\Boot.php(133): CodeIgniter\Boot::runCommand(Object(CodeIgniter\CLI\Console))
#9 C:\xampp\htdocs\WEBSYSTEM-Group4\spark(87): CodeIgniter\Boot::bootSpark(Object(Config\Paths))
#10 {main}
CRITICAL - 2025-09-01 15:42:33 --> CodeIgniter\Database\Exceptions\DatabaseException: Unable to connect to the database.
Main connection [MySQLi]: No connection could be made because the target machine actively refused it
[Method: CLI, Route: db:seed/UsersSeeder]
in SYSTEMPATH\Database\BaseConnection.php on line 465.
 1 SYSTEMPATH\Database\Database.php(72): CodeIgniter\Database\BaseConnection->initialize()
 2 SYSTEMPATH\Database\Config.php(109): CodeIgniter\Database\Database->loadForge(Object(CodeIgniter\Database\MySQLi\Connection))
 3 SYSTEMPATH\Database\Seeder.php(98): CodeIgniter\Database\Config::forge(null)
 4 SYSTEMPATH\Commands\Database\Seed.php(71): CodeIgniter\Database\Seeder->__construct(Object(Config\Database))
 5 SYSTEMPATH\CLI\Commands.php(74): CodeIgniter\Commands\Database\Seed->run([...])
 6 SYSTEMPATH\CLI\Console.php(47): CodeIgniter\CLI\Commands->run('db:seed', [...])
 7 SYSTEMPATH\Boot.php(388): CodeIgniter\CLI\Console->run()
 8 SYSTEMPATH\Boot.php(133): CodeIgniter\Boot::runCommand(Object(CodeIgniter\CLI\Console))
 9 ROOTPATH\spark(87): CodeIgniter\Boot::bootSpark(Object(Config\Paths))
ERROR - 2025-09-01 15:43:09 --> Error connecting to the database: mysqli_sql_exception: No connection could be made because the target machine actively refused it in C:\xampp\htdocs\WEBSYSTEM-Group4\system\Database\MySQLi\Connection.php:201
Stack trace:
#0 C:\xampp\htdocs\WEBSYSTEM-Group4\system\Database\MySQLi\Connection.php(201): mysqli->real_connect('localhost', 'tally', Object(SensitiveParameterValue), 'warehouse_group...', 3306, '', 0)
#1 C:\xampp\htdocs\WEBSYSTEM-Group4\system\Database\BaseConnection.php(419): CodeIgniter\Database\MySQLi\Connection->connect(false)
#2 C:\xampp\htdocs\WEBSYSTEM-Group4\system\Database\Database.php(72): CodeIgniter\Database\BaseConnection->initialize()
#3 C:\xampp\htdocs\WEBSYSTEM-Group4\system\Database\Config.php(109): CodeIgniter\Database\Database->loadForge(Object(CodeIgniter\Database\MySQLi\Connection))
#4 C:\xampp\htdocs\WEBSYSTEM-Group4\system\Database\Seeder.php(98): CodeIgniter\Database\Config::forge(NULL)
#5 C:\xampp\htdocs\WEBSYSTEM-Group4\system\Commands\Database\Seed.php(71): CodeIgniter\Database\Seeder->__construct(Object(Config\Database))
#6 C:\xampp\htdocs\WEBSYSTEM-Group4\system\CLI\Commands.php(74): CodeIgniter\Commands\Database\Seed->run(Array)
#7 C:\xampp\htdocs\WEBSYSTEM-Group4\system\CLI\Console.php(47): CodeIgniter\CLI\Commands->run('db:seed', Array)
#8 C:\xampp\htdocs\WEBSYSTEM-Group4\system\Boot.php(388): CodeIgniter\CLI\Console->run()
#9 C:\xampp\htdocs\WEBSYSTEM-Group4\system\Boot.php(133): CodeIgniter\Boot::runCommand(Object(CodeIgniter\CLI\Console))
#10 C:\xampp\htdocs\WEBSYSTEM-Group4\spark(87): CodeIgniter\Boot::bootSpark(Object(Config\Paths))
#11 {main}

Next CodeIgniter\Database\Exceptions\DatabaseException: No connection could be made because the target machine actively refused it in C:\xampp\htdocs\WEBSYSTEM-Group4\system\Database\MySQLi\Connection.php:246
Stack trace:
#0 C:\xampp\htdocs\WEBSYSTEM-Group4\system\Database\BaseConnection.php(419): CodeIgniter\Database\MySQLi\Connection->connect(false)
#1 C:\xampp\htdocs\WEBSYSTEM-Group4\system\Database\Database.php(72): CodeIgniter\Database\BaseConnection->initialize()
#2 C:\xampp\htdocs\WEBSYSTEM-Group4\system\Database\Config.php(109): CodeIgniter\Database\Database->loadForge(Object(CodeIgniter\Database\MySQLi\Connection))
#3 C:\xampp\htdocs\WEBSYSTEM-Group4\system\Database\Seeder.php(98): CodeIgniter\Database\Config::forge(NULL)
#4 C:\xampp\htdocs\WEBSYSTEM-Group4\system\Commands\Database\Seed.php(71): CodeIgniter\Database\Seeder->__construct(Object(Config\Database))
#5 C:\xampp\htdocs\WEBSYSTEM-Group4\system\CLI\Commands.php(74): CodeIgniter\Commands\Database\Seed->run(Array)
#6 C:\xampp\htdocs\WEBSYSTEM-Group4\system\CLI\Console.php(47): CodeIgniter\CLI\Commands->run('db:seed', Array)
#7 C:\xampp\htdocs\WEBSYSTEM-Group4\system\Boot.php(388): CodeIgniter\CLI\Console->run()
#8 C:\xampp\htdocs\WEBSYSTEM-Group4\system\Boot.php(133): CodeIgniter\Boot::runCommand(Object(CodeIgniter\CLI\Console))
#9 C:\xampp\htdocs\WEBSYSTEM-Group4\spark(87): CodeIgniter\Boot::bootSpark(Object(Config\Paths))
#10 {main}
CRITICAL - 2025-09-01 15:43:09 --> CodeIgniter\Database\Exceptions\DatabaseException: Unable to connect to the database.
Main connection [MySQLi]: No connection could be made because the target machine actively refused it
[Method: CLI, Route: db:seed/UsersSeeder]
in SYSTEMPATH\Database\BaseConnection.php on line 465.
 1 SYSTEMPATH\Database\Database.php(72): CodeIgniter\Database\BaseConnection->initialize()
 2 SYSTEMPATH\Database\Config.php(109): CodeIgniter\Database\Database->loadForge(Object(CodeIgniter\Database\MySQLi\Connection))
 3 SYSTEMPATH\Database\Seeder.php(98): CodeIgniter\Database\Config::forge(null)
 4 SYSTEMPATH\Commands\Database\Seed.php(71): CodeIgniter\Database\Seeder->__construct(Object(Config\Database))
 5 SYSTEMPATH\CLI\Commands.php(74): CodeIgniter\Commands\Database\Seed->run([...])
 6 SYSTEMPATH\CLI\Console.php(47): CodeIgniter\CLI\Commands->run('db:seed', [...])
 7 SYSTEMPATH\Boot.php(388): CodeIgniter\CLI\Console->run()
 8 SYSTEMPATH\Boot.php(133): CodeIgniter\Boot::runCommand(Object(CodeIgniter\CLI\Console))
 9 ROOTPATH\spark(87): CodeIgniter\Boot::bootSpark(Object(Config\Paths))
